[
  {
    "id" : "2b33c892-e8f5-459e-90ef-e439a6c7d0fd",
    "prId" : 32648,
    "prUrl" : "https://github.com/apache/spark/pull/32648#pullrequestreview-667647992",
    "prSource" : "GitHub",
    "comments" : [
      {
        "id" : "9a99f207-eb56-4ab2-a16d-b8d968d5371a",
        "parentId" : null,
        "authorId" : "c7afbd1a-ab9f-4878-b837-32685ae783b0",
        "body" : "```\r\n[ERROR] [Error] /spark/sql/core/src/test/scala/org/apache/spark/sql/SQLQueryTestSuite.scala:225: The outer reference in this type test cannot be checked at run time.\r\n[ERROR] [Error] /spark/sql/core/src/test/scala/org/apache/spark/sql/SQLQueryTestSuite.scala:357: The outer reference in this type test cannot be checked at run time.\r\n[ERROR] [Error] /spark/sql/core/src/test/scala/org/apache/spark/sql/SQLQueryTestSuite.scala:363: The outer reference in this type test cannot be checked at run time.\r\n[ERROR] [Error] /spark/sql/core/src/test/scala/org/apache/spark/sql/SQLQueryTestSuite.scala:371: The outer reference in this type test cannot be checked at run time.\r\n[ERROR] [Error] /spark/sql/core/src/test/scala/org/apache/spark/sql/SQLQueryTestSuite.scala:414: The outer reference in this type test cannot be checked at run time.\r\n```",
        "createdAt" : "2021-05-24T06:50:39Z",
        "updatedAt" : "2021-05-24T06:50:39Z",
        "lastEditedBy" : "c7afbd1a-ab9f-4878-b837-32685ae783b0",
        "tags" : [
        ]
      },
      {
        "id" : "1f3db27c-378b-4aa3-80c5-773e56254081",
        "parentId" : "9a99f207-eb56-4ab2-a16d-b8d968d5371a",
        "authorId" : "c7afbd1a-ab9f-4878-b837-32685ae783b0",
        "body" : "@som-snytt It seems that this compilation fix is related [https://github.com/scala/scala/pull/9504](https://github.com/scala/scala/pull/9504).\r\n\r\nSo I have another question to ask you for help, `UDFTest`  is an internal `trait` defined in `SQLQueryTestSuite`,  must full path be used for this case in future Scala versions?\r\n\r\n\r\n\r\n",
        "createdAt" : "2021-05-25T08:58:02Z",
        "updatedAt" : "2021-05-25T08:58:02Z",
        "lastEditedBy" : "c7afbd1a-ab9f-4878-b837-32685ae783b0",
        "tags" : [
        ]
      },
      {
        "id" : "52becfa5-7bfc-4cef-9d55-a1b8e91e226e",
        "parentId" : "9a99f207-eb56-4ab2-a16d-b8d968d5371a",
        "authorId" : "6d99b742-247b-435a-a34f-d9bcc594780f",
        "body" : "I don't have a precise answer, but I would expect ongoing improvements and also some noise. You can use `-Wconf` to suppress (or escalate) the message. I will try to take another look tomorrow; I haven't followed the pattern matching changes yet.",
        "createdAt" : "2021-05-25T10:05:15Z",
        "updatedAt" : "2021-05-25T10:05:15Z",
        "lastEditedBy" : "6d99b742-247b-435a-a34f-d9bcc594780f",
        "tags" : [
        ]
      },
      {
        "id" : "b2f10e17-41c2-454c-a91e-662226c0f893",
        "parentId" : "9a99f207-eb56-4ab2-a16d-b8d968d5371a",
        "authorId" : "c7afbd1a-ab9f-4878-b837-32685ae783b0",
        "body" : "thanks, I tried to suppress this behavior in the past, but it seems that this is a compilation error now, I'll try it again",
        "createdAt" : "2021-05-25T10:17:31Z",
        "updatedAt" : "2021-05-25T10:17:31Z",
        "lastEditedBy" : "c7afbd1a-ab9f-4878-b837-32685ae783b0",
        "tags" : [
        ]
      }
    ],
    "commit" : "2a867a6277c1c6c4f1a6497973588304f907bede",
    "line" : 5,
    "diffHunk" : "@@ -1,1 +223,227 @@      ignore(testCase.name) { /* Do nothing */ }\n    } else testCase match {\n      case udfTestCase: SQLQueryTestSuite#UDFTest\n          if udfTestCase.udf.isInstanceOf[TestPythonUDF] && !shouldTestPythonUDFs =>\n        ignore(s\"${testCase.name} is skipped because \" +"
  }
]