[
  {
    "id" : "56e89709-0ed6-4e94-89bc-2baace75caef",
    "prId" : 32716,
    "prUrl" : "https://github.com/apache/spark/pull/32716#pullrequestreview-672403021",
    "prSource" : "GitHub",
    "comments" : [
      {
        "id" : "5fc7f1c2-c368-4783-ac37-7c71fc02890e",
        "parentId" : null,
        "authorId" : "b1f2cebb-db23-4759-b446-886279d07e99",
        "body" : "The stacktrace\r\n```\r\norg.codehaus.commons.compiler.InternalCompilerException: failed to compile: org.codehaus.commons.compiler.InternalCompilerException: Compiling \"GeneratedClass\" in File 'generated.java', Line 2, Column 1: File 'generated.java', Line 13, Column 21: Compiling \"apply(InternalRow i)\": File 'generated.java', Line 33, Column 8: java.lang.AssertionErro\r\n[info]   at org.apache.spark.sql.errors.QueryExecutionErrors$.internalCompilerError(QueryExecutionErrors.scala:389)\r\n[info]   at org.apache.spark.sql.catalyst.expressions.codegen.CodeGenerator$.org$apache$spark$sql$catalyst$expressions$codegen$CodeGenerator$$doCompile(CodeGenerator.scala:1408)\r\n[info]   at org.apache.spark.sql.catalyst.expressions.codegen.CodeGenerator$$anon$1.load(CodeGenerator.scala:1491)\r\n[info]   at org.apache.spark.sql.catalyst.expressions.codegen.CodeGenerator$$anon$1.load(CodeGenerator.scala:1488)\r\n[info]   at com.google.common.cache.LocalCache$LoadingValueReference.loadFuture(LocalCache.java:3599)\r\n[info]   at com.google.common.cache.LocalCache$Segment.loadSync(LocalCache.java:2379)\r\n[info]   at com.google.common.cache.LocalCache$Segment.lockedGetOrLoad(LocalCache.java:2342)\r\n[info]   at com.google.common.cache.LocalCache$Segment.get(LocalCache.java:2257)\r\n[info]   at com.google.common.cache.LocalCache.get(LocalCache.java:4000)\r\n[info]   at com.google.common.cache.LocalCache.getOrLoad(LocalCache.java:4004)\r\n[info]   at com.google.common.cache.LocalCache$LocalLoadingCache.get(LocalCache.java:4874)\r\n[info]   at org.apache.spark.sql.catalyst.expressions.codegen.CodeGenerator$.compile(CodeGenerator.scala:1348)\r\n[info]   at org.apache.spark.sql.catalyst.expressions.CodeGenerationSuite.$anonfun$new$87(CodeGenerationSuite.scala:605)\r\n[info]   at org.scalatest.OutcomeOf.outcomeOf(OutcomeOf.scala:85)\r\n[info]   at org.scalatest.OutcomeOf.outcomeOf$(OutcomeOf.scala:83)\r\n[info]   at org.scalatest.OutcomeOf$.outcomeOf(OutcomeOf.scala:104)\r\n[info]   at org.scalatest.Transformer.apply(Transformer.scala:22)\r\n[info]   at org.scalatest.Transformer.apply(Transformer.scala:20)\r\n[info]   at org.scalatest.funsuite.AnyFunSuiteLike$$anon$1.apply(AnyFunSuiteLike.scala:190)\r\n[info]   at org.apache.spark.SparkFunSuite.withFixture(SparkFunSuite.scala:190)\r\n[info]   at org.scalatest.funsuite.AnyFunSuiteLike.invokeWithFixture$1(AnyFunSuiteLike.scala:188)\r\n[info]   at org.scalatest.funsuite.AnyFunSuiteLike.$anonfun$runTest$1(AnyFunSuiteLike.scala:200)\r\n[info]   at org.scalatest.SuperEngine.runTestImpl(Engine.scala:306)\r\n[info]   at org.scalatest.funsuite.AnyFunSuiteLike.runTest(AnyFunSuiteLike.scala:200)\r\n[info]   at org.scalatest.funsuite.AnyFunSuiteLike.runTest$(AnyFunSuiteLike.scala:182)\r\n[info]   at org.apache.spark.SparkFunSuite.org$scalatest$BeforeAndAfterEach$$super$runTest(SparkFunSuite.scala:62)\r\n[info]   at org.scalatest.BeforeAndAfterEach.runTest(BeforeAndAfterEach.scala:234)\r\n[info]   at org.scalatest.BeforeAndAfterEach.runTest$(BeforeAndAfterEach.scala:227)\r\n[info]   at org.apache.spark.SparkFunSuite.runTest(SparkFunSuite.scala:62)\r\n[info]   at org.scalatest.funsuite.AnyFunSuiteLike.$anonfun$runTests$1(AnyFunSuiteLike.scala:233)\r\n[info]   at org.scalatest.SuperEngine.$anonfun$runTestsInBranch$1(Engine.scala:413)\r\n[info]   at scala.collection.immutable.List.foreach(List.scala:392)\r\n[info]   at org.scalatest.SuperEngine.traverseSubNodes$1(Engine.scala:401)\r\n[info]   at org.scalatest.SuperEngine.runTestsInBranch(Engine.scala:396)\r\n[info]   at org.scalatest.SuperEngine.runTestsImpl(Engine.scala:475)\r\n[info]   at org.scalatest.funsuite.AnyFunSuiteLike.runTests(AnyFunSuiteLike.scala:233)\r\n[info]   at org.scalatest.funsuite.AnyFunSuiteLike.runTests$(AnyFunSuiteLike.scala:232)\r\n[info]   at org.scalatest.funsuite.AnyFunSuite.runTests(AnyFunSuite.scala:1563)\r\n[info]   at org.scalatest.Suite.run(Suite.scala:1112)\r\n[info]   at org.scalatest.Suite.run$(Suite.scala:1094)\r\n[info]   at org.scalatest.funsuite.AnyFunSuite.org$scalatest$funsuite$AnyFunSuiteLike$$super$run(AnyFunSuite.scala:1563)\r\n[info]   at org.scalatest.funsuite.AnyFunSuiteLike.$anonfun$run$1(AnyFunSuiteLike.scala:237)\r\n[info]   at org.scalatest.SuperEngine.runImpl(Engine.scala:535)\r\n[info]   at org.scalatest.funsuite.AnyFunSuiteLike.run(AnyFunSuiteLike.scala:237)\r\n[info]   at org.scalatest.funsuite.AnyFunSuiteLike.run$(AnyFunSuiteLike.scala:236)\r\n[info]   at org.apache.spark.SparkFunSuite.org$scalatest$BeforeAndAfterAll$$super$run(SparkFunSuite.scala:62)\r\n[info]   at org.scalatest.BeforeAndAfterAll.liftedTree1$1(BeforeAndAfterAll.scala:213)\r\n[info]   at org.scalatest.BeforeAndAfterAll.run(BeforeAndAfterAll.scala:210)\r\n[info]   at org.scalatest.BeforeAndAfterAll.run$(BeforeAndAfterAll.scala:208)\r\n[info]   at org.apache.spark.SparkFunSuite.run(SparkFunSuite.scala:62)\r\n[info]   at org.scalatest.tools.Framework.org$scalatest$tools$Framework$$runSuite(Framework.scala:318)\r\n[info]   at org.scalatest.tools.Framework$ScalaTestTask.execute(Framework.scala:513)\r\n[info]   at sbt.ForkMain$Run.lambda$runTest$1(ForkMain.java:413)\r\n[info]   at java.util.concurrent.FutureTask.run(FutureTask.java:266)\r\n[info]   at java.util.concurrent.ThreadPoolExecutor.runWorker(ThreadPoolExecutor.java:1149)\r\n[info]   at java.util.concurrent.ThreadPoolExecutor$Worker.run(ThreadPoolExecutor.java:624)\r\n[info]   at java.lang.Thread.run(Thread.java:748)\r\n[info]   Cause: org.codehaus.commons.compiler.InternalCompilerException: Compiling \"GeneratedClass\" in File 'generated.java', Line 2, Column 1: File 'generated.java', Line 13, Column 21: Compiling \"apply(InternalRow i)\": File 'generated.java', Line 33, Column 8: java.lang.AssertionError\r\n[info]   at org.codehaus.janino.UnitCompiler.compile2(UnitCompiler.java:369)\r\n[info]   at org.codehaus.janino.UnitCompiler.access$000(UnitCompiler.java:231)\r\n[info]   at org.codehaus.janino.UnitCompiler$1.visitCompilationUnit(UnitCompiler.java:333)\r\n[info]   at org.codehaus.janino.UnitCompiler$1.visitCompilationUnit(UnitCompiler.java:330)\r\n[info]   at org.codehaus.janino.Java$CompilationUnit.accept(Java.java:367)\r\n[info]   at org.codehaus.janino.UnitCompiler.compileUnit(UnitCompiler.java:330)\r\n[info]   at org.codehaus.janino.SimpleCompiler.cook(SimpleCompiler.java:245)\r\n[info]   at org.codehaus.janino.ClassBodyEvaluator.cook(ClassBodyEvaluator.java:294)\r\n[info]   at org.codehaus.janino.ClassBodyEvaluator.cook(ClassBodyEvaluator.java:288)\r\n[info]   at org.codehaus.janino.ClassBodyEvaluator.cook(ClassBodyEvaluator.java:267)\r\n[info]   at org.codehaus.commons.compiler.Cookable.cook(Cookable.java:82)\r\n[info]   at org.apache.spark.sql.catalyst.expressions.codegen.CodeGenerator$.org$apache$spark$sql$catalyst$expressions$codegen$CodeGenerator$$doCompile(CodeGenerator.scala:1401)\r\n[info]   at org.apache.spark.sql.catalyst.expressions.codegen.CodeGenerator$$anon$1.load(CodeGenerator.scala:1491)\r\n[info]   at org.apache.spark.sql.catalyst.expressions.codegen.CodeGenerator$$anon$1.load(CodeGenerator.scala:1488)\r\n[info]   at com.google.common.cache.LocalCache$LoadingValueReference.loadFuture(LocalCache.java:3599)\r\n[info]   at com.google.common.cache.LocalCache$Segment.loadSync(LocalCache.java:2379)\r\n[info]   at com.google.common.cache.LocalCache$Segment.lockedGetOrLoad(LocalCache.java:2342)\r\n[info]   at com.google.common.cache.LocalCache$Segment.get(LocalCache.java:2257)\r\n[info]   at com.google.common.cache.LocalCache.get(LocalCache.java:4000)\r\n[info]   at com.google.common.cache.LocalCache.getOrLoad(LocalCache.java:4004)\r\n[info]   at com.google.common.cache.LocalCache$LocalLoadingCache.get(LocalCache.java:4874)\r\n[info]   at org.apache.spark.sql.catalyst.expressions.codegen.CodeGenerator$.compile(CodeGenerator.scala:1348)\r\n[info]   at org.apache.spark.sql.catalyst.expressions.CodeGenerationSuite.$anonfun$new$87(CodeGenerationSuite.scala:605)\r\n[info]   at org.scalatest.OutcomeOf.outcomeOf(OutcomeOf.scala:85)\r\n[info]   at org.scalatest.OutcomeOf.outcomeOf$(OutcomeOf.scala:83)\r\n[info]   at org.scalatest.OutcomeOf$.outcomeOf(OutcomeOf.scala:104)\r\n[info]   at org.scalatest.Transformer.apply(Transformer.scala:22)\r\n[info]   at org.scalatest.Transformer.apply(Transformer.scala:20)\r\n[info]   at org.scalatest.funsuite.AnyFunSuiteLike$$anon$1.apply(AnyFunSuiteLike.scala:190)\r\n[info]   at org.apache.spark.SparkFunSuite.withFixture(SparkFunSuite.scala:190)\r\n[info]   at org.scalatest.funsuite.AnyFunSuiteLike.invokeWithFixture$1(AnyFunSuiteLike.scala:188)\r\n[info]   at org.scalatest.funsuite.AnyFunSuiteLike.$anonfun$runTest$1(AnyFunSuiteLike.scala:200)\r\n[info]   at org.scalatest.SuperEngine.runTestImpl(Engine.scala:306)\r\n[info]   at org.scalatest.funsuite.AnyFunSuiteLike.runTest(AnyFunSuiteLike.scala:200)\r\n[info]   at org.scalatest.funsuite.AnyFunSuiteLike.runTest$(AnyFunSuiteLike.scala:182)\r\n[info]   at org.apache.spark.SparkFunSuite.org$scalatest$BeforeAndAfterEach$$super$runTest(SparkFunSuite.scala:62)\r\n[info]   at org.scalatest.BeforeAndAfterEach.runTest(BeforeAndAfterEach.scala:234)\r\n[info]   at org.scalatest.BeforeAndAfterEach.runTest$(BeforeAndAfterEach.scala:227)\r\n[info]   at org.apache.spark.SparkFunSuite.runTest(SparkFunSuite.scala:62)\r\n[info]   at org.scalatest.funsuite.AnyFunSuiteLike.$anonfun$runTests$1(AnyFunSuiteLike.scala:233)\r\n[info]   at org.scalatest.SuperEngine.$anonfun$runTestsInBranch$1(Engine.scala:413)\r\n[info]   at scala.collection.immutable.List.foreach(List.scala:392)\r\n[info]   at org.scalatest.SuperEngine.traverseSubNodes$1(Engine.scala:401)\r\n[info]   at org.scalatest.SuperEngine.runTestsInBranch(Engine.scala:396)\r\n[info]   at org.scalatest.SuperEngine.runTestsImpl(Engine.scala:475)\r\n[info]   at org.scalatest.funsuite.AnyFunSuiteLike.runTests(AnyFunSuiteLike.scala:233)\r\n[info]   at org.scalatest.funsuite.AnyFunSuiteLike.runTests$(AnyFunSuiteLike.scala:232)\r\n[info]   at org.scalatest.funsuite.AnyFunSuite.runTests(AnyFunSuite.scala:1563)\r\n[info]   at org.scalatest.Suite.run(Suite.scala:1112)\r\n[info]   at org.scalatest.Suite.run$(Suite.scala:1094)\r\n[info]   at org.scalatest.funsuite.AnyFunSuite.org$scalatest$funsuite$AnyFunSuiteLike$$super$run(AnyFunSuite.scala:1563)\r\n[info]   at org.scalatest.funsuite.AnyFunSuiteLike.$anonfun$run$1(AnyFunSuiteLike.scala:237)\r\n[info]   at org.scalatest.SuperEngine.runImpl(Engine.scala:535)\r\n[info]   at org.scalatest.funsuite.AnyFunSuiteLike.run(AnyFunSuiteLike.scala:237)\r\n[info]   at org.scalatest.funsuite.AnyFunSuiteLike.run$(AnyFunSuiteLike.scala:236)\r\n[info]   at org.apache.spark.SparkFunSuite.org$scalatest$BeforeAndAfterAll$$super$run(SparkFunSuite.scala:62)\r\n[info]   at org.scalatest.BeforeAndAfterAll.liftedTree1$1(BeforeAndAfterAll.scala:213)\r\n[info]   at org.scalatest.BeforeAndAfterAll.run(BeforeAndAfterAll.scala:210)\r\n[info]   at org.scalatest.BeforeAndAfterAll.run$(BeforeAndAfterAll.scala:208)\r\n[info]   at org.apache.spark.SparkFunSuite.run(SparkFunSuite.scala:62)\r\n[info]   at org.scalatest.tools.Framework.org$scalatest$tools$Framework$$runSuite(Framework.scala:318)\r\n[info]   at org.scalatest.tools.Framework$ScalaTestTask.execute(Framework.scala:513)\r\n[info]   at sbt.ForkMain$Run.lambda$runTest$1(ForkMain.java:413)\r\n[info]   at java.util.concurrent.FutureTask.run(FutureTask.java:266)\r\n[info]   at java.util.concurrent.ThreadPoolExecutor.runWorker(ThreadPoolExecutor.java:1149)\r\n[info]   at java.util.concurrent.ThreadPoolExecutor$Worker.run(ThreadPoolExecutor.java:624)\r\n[info]   at java.lang.Thread.run(Thread.java:748)\r\n[info]   Cause: org.codehaus.commons.compiler.InternalCompilerException: File 'generated.java', Line 13, Column 21: Compiling \"apply(InternalRow i)\": File 'generated.java', Line 33, Column 8: java.lang.AssertionError\r\n[info]   at org.codehaus.janino.UnitCompiler.compile(UnitCompiler.java:3222)\r\n[info]   at org.codehaus.janino.UnitCompiler.compileDeclaredMethods(UnitCompiler.java:1379)\r\n[info]   at org.codehaus.janino.UnitCompiler.compileDeclaredMethods(UnitCompiler.java:1352)\r\n[info]   at org.codehaus.janino.UnitCompiler.compile2(UnitCompiler.java:800)\r\n[info]   at org.codehaus.janino.UnitCompiler.compile2(UnitCompiler.java:977)\r\n[info]   at org.codehaus.janino.UnitCompiler.access$700(UnitCompiler.java:231)\r\n[info]   at org.codehaus.janino.UnitCompiler$2.visitMemberClassDeclaration(UnitCompiler.java:394)\r\n[info]   at org.codehaus.janino.UnitCompiler$2.visitMemberClassDeclaration(UnitCompiler.java:386)\r\n[info]   at org.codehaus.janino.Java$MemberClassDeclaration.accept(Java.java:1532)\r\n[info]   at org.codehaus.janino.UnitCompiler.compile(UnitCompiler.java:386)\r\n[info]   at org.codehaus.janino.UnitCompiler.compileDeclaredMemberTypes(UnitCompiler.java:1329)\r\n[info]   at org.codehaus.janino.UnitCompiler.compile2(UnitCompiler.java:835)\r\n[info]   at org.codehaus.janino.UnitCompiler.compile2(UnitCompiler.java:412)\r\n[info]   at org.codehaus.janino.UnitCompiler.access$400(UnitCompiler.java:231)\r\n[info]   at org.codehaus.janino.UnitCompiler$2.visitPackageMemberClassDeclaration(UnitCompiler.java:391)\r\n[info]   at org.codehaus.janino.UnitCompiler$2.visitPackageMemberClassDeclaration(UnitCompiler.java:386)\r\n[info]   at org.codehaus.janino.Java$PackageMemberClassDeclaration.accept(Java.java:1692)\r\n[info]   at org.codehaus.janino.UnitCompiler.compile(UnitCompiler.java:386)\r\n[info]   at org.codehaus.janino.UnitCompiler.compile2(UnitCompiler.java:359)\r\n[info]   at org.codehaus.janino.UnitCompiler.access$000(UnitCompiler.java:231)\r\n[info]   at org.codehaus.janino.UnitCompiler$1.visitCompilationUnit(UnitCompiler.java:333)\r\n[info]   at org.codehaus.janino.UnitCompiler$1.visitCompilationUnit(UnitCompiler.java:330)\r\n[info]   at org.codehaus.janino.Java$CompilationUnit.accept(Java.java:367)\r\n[info]   at org.codehaus.janino.UnitCompiler.compileUnit(UnitCompiler.java:330)\r\n[info]   at org.codehaus.janino.SimpleCompiler.cook(SimpleCompiler.java:245)\r\n[info]   at org.codehaus.janino.ClassBodyEvaluator.cook(ClassBodyEvaluator.java:294)\r\n[info]   at org.codehaus.janino.ClassBodyEvaluator.cook(ClassBodyEvaluator.java:288)\r\n[info]   at org.codehaus.janino.ClassBodyEvaluator.cook(ClassBodyEvaluator.java:267)\r\n[info]   at org.codehaus.commons.compiler.Cookable.cook(Cookable.java:82)\r\n[info]   at org.apache.spark.sql.catalyst.expressions.codegen.CodeGenerator$.org$apache$spark$sql$catalyst$expressions$codegen$CodeGenerator$$doCompile(CodeGenerator.scala:1401)\r\n[info]   at org.apache.spark.sql.catalyst.expressions.codegen.CodeGenerator$$anon$1.load(CodeGenerator.scala:1491)\r\n[info]   at org.apache.spark.sql.catalyst.expressions.codegen.CodeGenerator$$anon$1.load(CodeGenerator.scala:1488)\r\n[info]   at com.google.common.cache.LocalCache$LoadingValueReference.loadFuture(LocalCache.java:3599)\r\n[info]   at com.google.common.cache.LocalCache$Segment.loadSync(LocalCache.java:2379)\r\n[info]   at com.google.common.cache.LocalCache$Segment.lockedGetOrLoad(LocalCache.java:2342)\r\n[info]   at com.google.common.cache.LocalCache$Segment.get(LocalCache.java:2257)\r\n[info]   at com.google.common.cache.LocalCache.get(LocalCache.java:4000)\r\n[info]   at com.google.common.cache.LocalCache.getOrLoad(LocalCache.java:4004)\r\n[info]   at com.google.common.cache.LocalCache$LocalLoadingCache.get(LocalCache.java:4874)\r\n[info]   at org.apache.spark.sql.catalyst.expressions.codegen.CodeGenerator$.compile(CodeGenerator.scala:1348)\r\n[info]   at org.apache.spark.sql.catalyst.expressions.CodeGenerationSuite.$anonfun$new$87(CodeGenerationSuite.scala:605)\r\n[info]   at org.scalatest.OutcomeOf.outcomeOf(OutcomeOf.scala:85)\r\n[info]   at org.scalatest.OutcomeOf.outcomeOf$(OutcomeOf.scala:83)\r\n[info]   at org.scalatest.OutcomeOf$.outcomeOf(OutcomeOf.scala:104)\r\n[info]   at org.scalatest.Transformer.apply(Transformer.scala:22)\r\n[info]   at org.scalatest.Transformer.apply(Transformer.scala:20)\r\n[info]   at org.scalatest.funsuite.AnyFunSuiteLike$$anon$1.apply(AnyFunSuiteLike.scala:190)\r\n[info]   at org.apache.spark.SparkFunSuite.withFixture(SparkFunSuite.scala:190)\r\n[info]   at org.scalatest.funsuite.AnyFunSuiteLike.invokeWithFixture$1(AnyFunSuiteLike.scala:188)\r\n[info]   at org.scalatest.funsuite.AnyFunSuiteLike.$anonfun$runTest$1(AnyFunSuiteLike.scala:200)\r\n[info]   at org.scalatest.SuperEngine.runTestImpl(Engine.scala:306)\r\n[info]   at org.scalatest.funsuite.AnyFunSuiteLike.runTest(AnyFunSuiteLike.scala:200)\r\n[info]   at org.scalatest.funsuite.AnyFunSuiteLike.runTest$(AnyFunSuiteLike.scala:182)\r\n[info]   at org.apache.spark.SparkFunSuite.org$scalatest$BeforeAndAfterEach$$super$runTest(SparkFunSuite.scala:62)\r\n[info]   at org.scalatest.BeforeAndAfterEach.runTest(BeforeAndAfterEach.scala:234)\r\n[info]   at org.scalatest.BeforeAndAfterEach.runTest$(BeforeAndAfterEach.scala:227)\r\n[info]   at org.apache.spark.SparkFunSuite.runTest(SparkFunSuite.scala:62)\r\n[info]   at org.scalatest.funsuite.AnyFunSuiteLike.$anonfun$runTests$1(AnyFunSuiteLike.scala:233)\r\n[info]   at org.scalatest.SuperEngine.$anonfun$runTestsInBranch$1(Engine.scala:413)\r\n[info]   at scala.collection.immutable.List.foreach(List.scala:392)\r\n[info]   at org.scalatest.SuperEngine.traverseSubNodes$1(Engine.scala:401)\r\n[info]   at org.scalatest.SuperEngine.runTestsInBranch(Engine.scala:396)\r\n[info]   at org.scalatest.SuperEngine.runTestsImpl(Engine.scala:475)\r\n[info]   at org.scalatest.funsuite.AnyFunSuiteLike.runTests(AnyFunSuiteLike.scala:233)\r\n[info]   at org.scalatest.funsuite.AnyFunSuiteLike.runTests$(AnyFunSuiteLike.scala:232)\r\n[info]   at org.scalatest.funsuite.AnyFunSuite.runTests(AnyFunSuite.scala:1563)\r\n[info]   at org.scalatest.Suite.run(Suite.scala:1112)\r\n[info]   at org.scalatest.Suite.run$(Suite.scala:1094)\r\n[info]   at org.scalatest.funsuite.AnyFunSuite.org$scalatest$funsuite$AnyFunSuiteLike$$super$run(AnyFunSuite.scala:1563)\r\n[info]   at org.scalatest.funsuite.AnyFunSuiteLike.$anonfun$run$1(AnyFunSuiteLike.scala:237)\r\n[info]   at org.scalatest.SuperEngine.runImpl(Engine.scala:535)\r\n[info]   at org.scalatest.funsuite.AnyFunSuiteLike.run(AnyFunSuiteLike.scala:237)\r\n[info]   at org.scalatest.funsuite.AnyFunSuiteLike.run$(AnyFunSuiteLike.scala:236)\r\n[info]   at org.apache.spark.SparkFunSuite.org$scalatest$BeforeAndAfterAll$$super$run(SparkFunSuite.scala:62)\r\n[info]   at org.scalatest.BeforeAndAfterAll.liftedTree1$1(BeforeAndAfterAll.scala:213)\r\n[info]   at org.scalatest.BeforeAndAfterAll.run(BeforeAndAfterAll.scala:210)\r\n[info]   at org.scalatest.BeforeAndAfterAll.run$(BeforeAndAfterAll.scala:208)\r\n[info]   at org.apache.spark.SparkFunSuite.run(SparkFunSuite.scala:62)\r\n[info]   at org.scalatest.tools.Framework.org$scalatest$tools$Framework$$runSuite(Framework.scala:318)\r\n[info]   at org.scalatest.tools.Framework$ScalaTestTask.execute(Framework.scala:513)\r\n[info]   at sbt.ForkMain$Run.lambda$runTest$1(ForkMain.java:413)\r\n[info]   at java.util.concurrent.FutureTask.run(FutureTask.java:266)\r\n[info]   at java.util.concurrent.ThreadPoolExecutor.runWorker(ThreadPoolExecutor.java:1149)\r\n[info]   at java.util.concurrent.ThreadPoolExecutor$Worker.run(ThreadPoolExecutor.java:624)\r\n[info]   at java.lang.Thread.run(Thread.java:748)\r\n[info]   Cause: org.codehaus.commons.compiler.InternalCompilerException: File 'generated.java', Line 33, Column 8: java.lang.AssertionError\r\n[info]   at org.codehaus.janino.UnitCompiler.compileStatements(UnitCompiler.java:1609)\r\n[info]   at org.codehaus.janino.UnitCompiler.compile2(UnitCompiler.java:1592)\r\n[info]   at org.codehaus.janino.UnitCompiler.access$1700(UnitCompiler.java:231)\r\n[info]   at org.codehaus.janino.UnitCompiler$6.visitBlock(UnitCompiler.java:1529)\r\n[info]   at org.codehaus.janino.UnitCompiler$6.visitBlock(UnitCompiler.java:1523)\r\n[info]   at org.codehaus.janino.Java$Block.accept(Java.java:3103)\r\n[info]   at org.codehaus.janino.UnitCompiler.compile(UnitCompiler.java:1523)\r\n[info]   at org.codehaus.janino.UnitCompiler.compile2(UnitCompiler.java:2532)\r\n[info]   at org.codehaus.janino.UnitCompiler.access$1900(UnitCompiler.java:231)\r\n[info]   at org.codehaus.janino.UnitCompiler$6.visitIfStatement(UnitCompiler.java:1531)\r\n[info]   at org.codehaus.janino.UnitCompiler$6.visitIfStatement(UnitCompiler.java:1523)\r\n[info]   at org.codehaus.janino.Java$IfStatement.accept(Java.java:3274)\r\n[info]   at org.codehaus.janino.UnitCompiler.compile(UnitCompiler.java:1523)\r\n[info]   at org.codehaus.janino.UnitCompiler.compileStatements(UnitCompiler.java:1607)\r\n[info]   at org.codehaus.janino.UnitCompiler.compile2(UnitCompiler.java:3531)\r\n[info]   at org.codehaus.janino.UnitCompiler.compile(UnitCompiler.java:3218)\r\n[info]   at org.codehaus.janino.UnitCompiler.compileDeclaredMethods(UnitCompiler.java:1379)\r\n[info]   at org.codehaus.janino.UnitCompiler.compileDeclaredMethods(UnitCompiler.java:1352)\r\n[info]   at org.codehaus.janino.UnitCompiler.compile2(UnitCompiler.java:800)\r\n[info]   at org.codehaus.janino.UnitCompiler.compile2(UnitCompiler.java:977)\r\n[info]   at org.codehaus.janino.UnitCompiler.access$700(UnitCompiler.java:231)\r\n[info]   at org.codehaus.janino.UnitCompiler$2.visitMemberClassDeclaration(UnitCompiler.java:394)\r\n[info]   at org.codehaus.janino.UnitCompiler$2.visitMemberClassDeclaration(UnitCompiler.java:386)\r\n[info]   at org.codehaus.janino.Java$MemberClassDeclaration.accept(Java.java:1532)\r\n[info]   at org.codehaus.janino.UnitCompiler.compile(UnitCompiler.java:386)\r\n[info]   at org.codehaus.janino.UnitCompiler.compileDeclaredMemberTypes(UnitCompiler.java:1329)\r\n[info]   at org.codehaus.janino.UnitCompiler.compile2(UnitCompiler.java:835)\r\n[info]   at org.codehaus.janino.UnitCompiler.compile2(UnitCompiler.java:412)\r\n[info]   at org.codehaus.janino.UnitCompiler.access$400(UnitCompiler.java:231)\r\n[info]   at org.codehaus.janino.UnitCompiler$2.visitPackageMemberClassDeclaration(UnitCompiler.java:391)\r\n[info]   at org.codehaus.janino.UnitCompiler$2.visitPackageMemberClassDeclaration(UnitCompiler.java:386)\r\n[info]   at org.codehaus.janino.Java$PackageMemberClassDeclaration.accept(Java.java:1692)\r\n[info]   at org.codehaus.janino.UnitCompiler.compile(UnitCompiler.java:386)\r\n[info]   at org.codehaus.janino.UnitCompiler.compile2(UnitCompiler.java:359)\r\n[info]   at org.codehaus.janino.UnitCompiler.access$000(UnitCompiler.java:231)\r\n[info]   at org.codehaus.janino.UnitCompiler$1.visitCompilationUnit(UnitCompiler.java:333)\r\n[info]   at org.codehaus.janino.UnitCompiler$1.visitCompilationUnit(UnitCompiler.java:330)\r\n[info]   at org.codehaus.janino.Java$CompilationUnit.accept(Java.java:367)\r\n[info]   at org.codehaus.janino.UnitCompiler.compileUnit(UnitCompiler.java:330)\r\n[info]   at org.codehaus.janino.SimpleCompiler.cook(SimpleCompiler.java:245)\r\n[info]   at org.codehaus.janino.ClassBodyEvaluator.cook(ClassBodyEvaluator.java:294)\r\n[info]   at org.codehaus.janino.ClassBodyEvaluator.cook(ClassBodyEvaluator.java:288)\r\n[info]   at org.codehaus.janino.ClassBodyEvaluator.cook(ClassBodyEvaluator.java:267)\r\n[info]   at org.codehaus.commons.compiler.Cookable.cook(Cookable.java:82)\r\n[info]   at org.apache.spark.sql.catalyst.expressions.codegen.CodeGenerator$.org$apache$spark$sql$catalyst$expressions$codegen$CodeGenerator$$doCompile(CodeGenerator.scala:1401)\r\n[info]   at org.apache.spark.sql.catalyst.expressions.codegen.CodeGenerator$$anon$1.load(CodeGenerator.scala:1491)\r\n[info]   at org.apache.spark.sql.catalyst.expressions.codegen.CodeGenerator$$anon$1.load(CodeGenerator.scala:1488)\r\n[info]   at com.google.common.cache.LocalCache$LoadingValueReference.loadFuture(LocalCache.java:3599)\r\n[info]   at com.google.common.cache.LocalCache$Segment.loadSync(LocalCache.java:2379)\r\n[info]   at com.google.common.cache.LocalCache$Segment.lockedGetOrLoad(LocalCache.java:2342)\r\n[info]   at com.google.common.cache.LocalCache$Segment.get(LocalCache.java:2257)\r\n[info]   at com.google.common.cache.LocalCache.get(LocalCache.java:4000)\r\n[info]   at com.google.common.cache.LocalCache.getOrLoad(LocalCache.java:4004)\r\n[info]   at com.google.common.cache.LocalCache$LocalLoadingCache.get(LocalCache.java:4874)\r\n[info]   at org.apache.spark.sql.catalyst.expressions.codegen.CodeGenerator$.compile(CodeGenerator.scala:1348)\r\n[info]   at org.apache.spark.sql.catalyst.expressions.CodeGenerationSuite.$anonfun$new$87(CodeGenerationSuite.scala:605)\r\n[info]   at org.scalatest.OutcomeOf.outcomeOf(OutcomeOf.scala:85)\r\n[info]   at org.scalatest.OutcomeOf.outcomeOf$(OutcomeOf.scala:83)\r\n[info]   at org.scalatest.OutcomeOf$.outcomeOf(OutcomeOf.scala:104)\r\n[info]   at org.scalatest.Transformer.apply(Transformer.scala:22)\r\n[info]   at org.scalatest.Transformer.apply(Transformer.scala:20)\r\n[info]   at org.scalatest.funsuite.AnyFunSuiteLike$$anon$1.apply(AnyFunSuiteLike.scala:190)\r\n[info]   at org.apache.spark.SparkFunSuite.withFixture(SparkFunSuite.scala:190)\r\n[info]   at org.scalatest.funsuite.AnyFunSuiteLike.invokeWithFixture$1(AnyFunSuiteLike.scala:188)\r\n[info]   at org.scalatest.funsuite.AnyFunSuiteLike.$anonfun$runTest$1(AnyFunSuiteLike.scala:200)\r\n[info]   at org.scalatest.SuperEngine.runTestImpl(Engine.scala:306)\r\n[info]   at org.scalatest.funsuite.AnyFunSuiteLike.runTest(AnyFunSuiteLike.scala:200)\r\n[info]   at org.scalatest.funsuite.AnyFunSuiteLike.runTest$(AnyFunSuiteLike.scala:182)\r\n[info]   at org.apache.spark.SparkFunSuite.org$scalatest$BeforeAndAfterEach$$super$runTest(SparkFunSuite.scala:62)\r\n[info]   at org.scalatest.BeforeAndAfterEach.runTest(BeforeAndAfterEach.scala:234)\r\n[info]   at org.scalatest.BeforeAndAfterEach.runTest$(BeforeAndAfterEach.scala:227)\r\n[info]   at org.apache.spark.SparkFunSuite.runTest(SparkFunSuite.scala:62)\r\n[info]   at org.scalatest.funsuite.AnyFunSuiteLike.$anonfun$runTests$1(AnyFunSuiteLike.scala:233)\r\n[info]   at org.scalatest.SuperEngine.$anonfun$runTestsInBranch$1(Engine.scala:413)\r\n[info]   at scala.collection.immutable.List.foreach(List.scala:392)\r\n[info]   at org.scalatest.SuperEngine.traverseSubNodes$1(Engine.scala:401)\r\n[info]   at org.scalatest.SuperEngine.runTestsInBranch(Engine.scala:396)\r\n[info]   at org.scalatest.SuperEngine.runTestsImpl(Engine.scala:475)\r\n[info]   at org.scalatest.funsuite.AnyFunSuiteLike.runTests(AnyFunSuiteLike.scala:233)\r\n[info]   at org.scalatest.funsuite.AnyFunSuiteLike.runTests$(AnyFunSuiteLike.scala:232)\r\n[info]   at org.scalatest.funsuite.AnyFunSuite.runTests(AnyFunSuite.scala:1563)\r\n[info]   at org.scalatest.Suite.run(Suite.scala:1112)\r\n[info]   at org.scalatest.Suite.run$(Suite.scala:1094)\r\n[info]   at org.scalatest.funsuite.AnyFunSuite.org$scalatest$funsuite$AnyFunSuiteLike$$super$run(AnyFunSuite.scala:1563)\r\n[info]   at org.scalatest.funsuite.AnyFunSuiteLike.$anonfun$run$1(AnyFunSuiteLike.scala:237)\r\n[info]   at org.scalatest.SuperEngine.runImpl(Engine.scala:535)\r\n[info]   at org.scalatest.funsuite.AnyFunSuiteLike.run(AnyFunSuiteLike.scala:237)\r\n[info]   at org.scalatest.funsuite.AnyFunSuiteLike.run$(AnyFunSuiteLike.scala:236)\r\n[info]   at org.apache.spark.SparkFunSuite.org$scalatest$BeforeAndAfterAll$$super$run(SparkFunSuite.scala:62)\r\n[info]   at org.scalatest.BeforeAndAfterAll.liftedTree1$1(BeforeAndAfterAll.scala:213)\r\n[info]   at org.scalatest.BeforeAndAfterAll.run(BeforeAndAfterAll.scala:210)\r\n[info]   at org.scalatest.BeforeAndAfterAll.run$(BeforeAndAfterAll.scala:208)\r\n[info]   at org.apache.spark.SparkFunSuite.run(SparkFunSuite.scala:62)\r\n[info]   at org.scalatest.tools.Framework.org$scalatest$tools$Framework$$runSuite(Framework.scala:318)\r\n[info]   at org.scalatest.tools.Framework$ScalaTestTask.execute(Framework.scala:513)\r\n[info]   at sbt.ForkMain$Run.lambda$runTest$1(ForkMain.java:413)\r\n[info]   at java.util.concurrent.FutureTask.run(FutureTask.java:266)\r\n[info]   at java.util.concurrent.ThreadPoolExecutor.runWorker(ThreadPoolExecutor.java:1149)\r\n[info]   at java.util.concurrent.ThreadPoolExecutor$Worker.run(ThreadPoolExecutor.java:624)\r\n[info]   at java.lang.Thread.run(Thread.java:748)\r\n[info]   Cause: java.lang.AssertionError:\r\n[info]   at org.codehaus.janino.UnitCompiler.updateLocalVariableInCurrentStackMap(UnitCompiler.java:13227)\r\n[info]   at org.codehaus.janino.UnitCompiler.store(UnitCompiler.java:12430)\r\n[info]   at org.codehaus.janino.UnitCompiler.store(UnitCompiler.java:12406)\r\n[info]   at org.codehaus.janino.UnitCompiler.compile2(UnitCompiler.java:2636)\r\n[info]   at org.codehaus.janino.UnitCompiler.access$2700(UnitCompiler.java:231)\r\n[info]   at org.codehaus.janino.UnitCompiler$6.visitLocalVariableDeclarationStatement(UnitCompiler.java:1539)\r\n[info]   at org.codehaus.janino.UnitCompiler$6.visitLocalVariableDeclarationStatement(UnitCompiler.java:1523)\r\n[info]   at org.codehaus.janino.Java$LocalVariableDeclarationStatement.accept(Java.java:3840)\r\n[info]   at org.codehaus.janino.UnitCompiler.compile(UnitCompiler.java:1523)\r\n[info]   at org.codehaus.janino.UnitCompiler.compileStatements(UnitCompiler.java:1607)\r\n[info]   at org.codehaus.janino.UnitCompiler.compile2(UnitCompiler.java:1592)\r\n[info]   at org.codehaus.janino.UnitCompiler.access$1700(UnitCompiler.java:231)\r\n[info]   at org.codehaus.janino.UnitCompiler$6.visitBlock(UnitCompiler.java:1529)\r\n[info]   at org.codehaus.janino.UnitCompiler$6.visitBlock(UnitCompiler.java:1523)\r\n[info]   at org.codehaus.janino.Java$Block.accept(Java.java:3103)\r\n[info]   at org.codehaus.janino.UnitCompiler.compile(UnitCompiler.java:1523)\r\n[info]   at org.codehaus.janino.UnitCompiler.compile2(UnitCompiler.java:2532)\r\n[info]   at org.codehaus.janino.UnitCompiler.access$1900(UnitCompiler.java:231)\r\n[info]   at org.codehaus.janino.UnitCompiler$6.visitIfStatement(UnitCompiler.java:1531)\r\n[info]   at org.codehaus.janino.UnitCompiler$6.visitIfStatement(UnitCompiler.java:1523)\r\n[info]   at org.codehaus.janino.Java$IfStatement.accept(Java.java:3274)\r\n[info]   at org.codehaus.janino.UnitCompiler.compile(UnitCompiler.java:1523)\r\n[info]   at org.codehaus.janino.UnitCompiler.compileStatements(UnitCompiler.java:1607)\r\n[info]   at org.codehaus.janino.UnitCompiler.compile2(UnitCompiler.java:3531)\r\n[info]   at org.codehaus.janino.UnitCompiler.compile(UnitCompiler.java:3218)\r\n[info]   at org.codehaus.janino.UnitCompiler.compileDeclaredMethods(UnitCompiler.java:1379)\r\n[info]   at org.codehaus.janino.UnitCompiler.compileDeclaredMethods(UnitCompiler.java:1352)\r\n[info]   at org.codehaus.janino.UnitCompiler.compile2(UnitCompiler.java:800)\r\n[info]   at org.codehaus.janino.UnitCompiler.compile2(UnitCompiler.java:977)\r\n[info]   at org.codehaus.janino.UnitCompiler.access$700(UnitCompiler.java:231)\r\n[info]   at org.codehaus.janino.UnitCompiler$2.visitMemberClassDeclaration(UnitCompiler.java:394)\r\n[info]   at org.codehaus.janino.UnitCompiler$2.visitMemberClassDeclaration(UnitCompiler.java:386)\r\n[info]   at org.codehaus.janino.Java$MemberClassDeclaration.accept(Java.java:1532)\r\n[info]   at org.codehaus.janino.UnitCompiler.compile(UnitCompiler.java:386)\r\n[info]   at org.codehaus.janino.UnitCompiler.compileDeclaredMemberTypes(UnitCompiler.java:1329)\r\n[info]   at org.codehaus.janino.UnitCompiler.compile2(UnitCompiler.java:835)\r\n[info]   at org.codehaus.janino.UnitCompiler.compile2(UnitCompiler.java:412)\r\n[info]   at org.codehaus.janino.UnitCompiler.access$400(UnitCompiler.java:231)\r\n[info]   at org.codehaus.janino.UnitCompiler$2.visitPackageMemberClassDeclaration(UnitCompiler.java:391)\r\n[info]   at org.codehaus.janino.UnitCompiler$2.visitPackageMemberClassDeclaration(UnitCompiler.java:386)\r\n[info]   at org.codehaus.janino.Java$PackageMemberClassDeclaration.accept(Java.java:1692)\r\n[info]   at org.codehaus.janino.UnitCompiler.compile(UnitCompiler.java:386)\r\n[info]   at org.codehaus.janino.UnitCompiler.compile2(UnitCompiler.java:359)\r\n[info]   at org.codehaus.janino.UnitCompiler.access$000(UnitCompiler.java:231)\r\n[info]   at org.codehaus.janino.UnitCompiler$1.visitCompilationUnit(UnitCompiler.java:333)\r\n[info]   at org.codehaus.janino.UnitCompiler$1.visitCompilationUnit(UnitCompiler.java:330)\r\n[info]   at org.codehaus.janino.Java$CompilationUnit.accept(Java.java:367)\r\n[info]   at org.codehaus.janino.UnitCompiler.compileUnit(UnitCompiler.java:330)\r\n[info]   at org.codehaus.janino.SimpleCompiler.cook(SimpleCompiler.java:245)\r\n[info]   at org.codehaus.janino.ClassBodyEvaluator.cook(ClassBodyEvaluator.java:294)\r\n[info]   at org.codehaus.janino.ClassBodyEvaluator.cook(ClassBodyEvaluator.java:288)\r\n[info]   at org.codehaus.janino.ClassBodyEvaluator.cook(ClassBodyEvaluator.java:267)\r\n[info]   at org.codehaus.commons.compiler.Cookable.cook(Cookable.java:82)\r\n[info]   at org.apache.spark.sql.catalyst.expressions.codegen.CodeGenerator$.org$apache$spark$sql$catalyst$expressions$codegen$CodeGenerator$$doCompile(CodeGenerator.scala:1401)\r\n[info]   at org.apache.spark.sql.catalyst.expressions.codegen.CodeGenerator$$anon$1.load(CodeGenerator.scala:1491)\r\n[info]   at org.apache.spark.sql.catalyst.expressions.codegen.CodeGenerator$$anon$1.load(CodeGenerator.scala:1488)\r\n[info]   at com.google.common.cache.LocalCache$LoadingValueReference.loadFuture(LocalCache.java:3599)\r\n[info]   at com.google.common.cache.LocalCache$Segment.loadSync(LocalCache.java:2379)\r\n[info]   at com.google.common.cache.LocalCache$Segment.lockedGetOrLoad(LocalCache.java:2342)\r\n[info]   at com.google.common.cache.LocalCache$Segment.get(LocalCache.java:2257)\r\n[info]   at com.google.common.cache.LocalCache.get(LocalCache.java:4000)\r\n[info]   at com.google.common.cache.LocalCache.getOrLoad(LocalCache.java:4004)\r\n[info]   at com.google.common.cache.LocalCache$LocalLoadingCache.get(LocalCache.java:4874)\r\n[info]   at org.apache.spark.sql.catalyst.expressions.codegen.CodeGenerator$.compile(CodeGenerator.scala:1348)\r\n[info]   at org.apache.spark.sql.catalyst.expressions.CodeGenerationSuite.$anonfun$new$87(CodeGenerationSuite.scala:605)\r\n[info]   at org.scalatest.OutcomeOf.outcomeOf(OutcomeOf.scala:85)\r\n[info]   at org.scalatest.OutcomeOf.outcomeOf$(OutcomeOf.scala:83)\r\n[info]   at org.scalatest.OutcomeOf$.outcomeOf(OutcomeOf.scala:104)\r\n[info]   at org.scalatest.Transformer.apply(Transformer.scala:22)\r\n[info]   at org.scalatest.Transformer.apply(Transformer.scala:20)\r\n[info]   at org.scalatest.funsuite.AnyFunSuiteLike$$anon$1.apply(AnyFunSuiteLike.scala:190)\r\n[info]   at org.apache.spark.SparkFunSuite.withFixture(SparkFunSuite.scala:190)\r\n[info]   at org.scalatest.funsuite.AnyFunSuiteLike.invokeWithFixture$1(AnyFunSuiteLike.scala:188)\r\n[info]   at org.scalatest.funsuite.AnyFunSuiteLike.$anonfun$runTest$1(AnyFunSuiteLike.scala:200)\r\n[info]   at org.scalatest.SuperEngine.runTestImpl(Engine.scala:306)\r\n[info]   at org.scalatest.funsuite.AnyFunSuiteLike.runTest(AnyFunSuiteLike.scala:200)\r\n[info]   at org.scalatest.funsuite.AnyFunSuiteLike.runTest$(AnyFunSuiteLike.scala:182)\r\n[info]   at org.apache.spark.SparkFunSuite.org$scalatest$BeforeAndAfterEach$$super$runTest(SparkFunSuite.scala:62)\r\n[info]   at org.scalatest.BeforeAndAfterEach.runTest(BeforeAndAfterEach.scala:234)\r\n[info]   at org.scalatest.BeforeAndAfterEach.runTest$(BeforeAndAfterEach.scala:227)\r\n[info]   at org.apache.spark.SparkFunSuite.runTest(SparkFunSuite.scala:62)\r\n[info]   at org.scalatest.funsuite.AnyFunSuiteLike.$anonfun$runTests$1(AnyFunSuiteLike.scala:233)\r\n[info]   at org.scalatest.SuperEngine.$anonfun$runTestsInBranch$1(Engine.scala:413)\r\n[info]   at scala.collection.immutable.List.foreach(List.scala:392)\r\n[info]   at org.scalatest.SuperEngine.traverseSubNodes$1(Engine.scala:401)\r\n[info]   at org.scalatest.SuperEngine.runTestsInBranch(Engine.scala:396)\r\n[info]   at org.scalatest.SuperEngine.runTestsImpl(Engine.scala:475)\r\n[info]   at org.scalatest.funsuite.AnyFunSuiteLike.runTests(AnyFunSuiteLike.scala:233)\r\n[info]   at org.scalatest.funsuite.AnyFunSuiteLike.runTests$(AnyFunSuiteLike.scala:232)\r\n[info]   at org.scalatest.funsuite.AnyFunSuite.runTests(AnyFunSuite.scala:1563)\r\n[info]   at org.scalatest.Suite.run(Suite.scala:1112)\r\n[info]   at org.scalatest.Suite.run$(Suite.scala:1094)\r\n[info]   at org.scalatest.funsuite.AnyFunSuite.org$scalatest$funsuite$AnyFunSuiteLike$$super$run(AnyFunSuite.scala:1563)\r\n[info]   at org.scalatest.funsuite.AnyFunSuiteLike.$anonfun$run$1(AnyFunSuiteLike.scala:237)\r\n[info]   at org.scalatest.SuperEngine.runImpl(Engine.scala:535)\r\n[info]   at org.scalatest.funsuite.AnyFunSuiteLike.run(AnyFunSuiteLike.scala:237)\r\n[info]   at org.scalatest.funsuite.AnyFunSuiteLike.run$(AnyFunSuiteLike.scala:236)\r\n[info]   at org.apache.spark.SparkFunSuite.org$scalatest$BeforeAndAfterAll$$super$run(SparkFunSuite.scala:62)\r\n[info]   at org.scalatest.BeforeAndAfterAll.liftedTree1$1(BeforeAndAfterAll.scala:213)\r\n[info]   at org.scalatest.BeforeAndAfterAll.run(BeforeAndAfterAll.scala:210)\r\n[info]   at org.scalatest.BeforeAndAfterAll.run$(BeforeAndAfterAll.scala:208)\r\n[info]   at org.apache.spark.SparkFunSuite.run(SparkFunSuite.scala:62)\r\n[info]   at org.scalatest.tools.Framework.org$scalatest$tools$Framework$$runSuite(Framework.scala:318)\r\n[info]   at org.scalatest.tools.Framework$ScalaTestTask.execute(Framework.scala:513)\r\n[info]   at sbt.ForkMain$Run.lambda$runTest$1(ForkMain.java:413)\r\n[info]   at java.util.concurrent.FutureTask.run(FutureTask.java:266)\r\n[info]   at java.util.concurrent.ThreadPoolExecutor.runWorker(ThreadPoolExecutor.java:1149)\r\n[info]   at java.util.concurrent.ThreadPoolExecutor$Worker.run(ThreadPoolExecutor.java:624)\r\n[info]   at java.lang.Thread.run(Thread.java:748)\r\n```",
        "createdAt" : "2021-05-31T15:20:03Z",
        "updatedAt" : "2021-05-31T15:20:04Z",
        "lastEditedBy" : "b1f2cebb-db23-4759-b446-886279d07e99",
        "tags" : [
        ]
      }
    ],
    "commit" : "baf969041487e44615c1470cb1b199b65aba55c9",
    "line" : 7,
    "diffHunk" : "@@ -1,1 +562,566 @@  // TODO (SPARK-35579): Fix this bug in janino or work around it in Spark.\n  ignore(\"SPARK-35578: final local variable bug in janino\") {\n    val code =\n      \"\"\"\n        |public Object generate(Object[] references) {"
  }
]